<?xml version="1.0" encoding="UTF-8"?>
<testng-results ignored="0" total="1" passed="1" failed="0" skipped="0">
  <reporter-output>
  </reporter-output>
  <suite started-at="2022-12-19T12:54:53 IST" name="Default suite" finished-at="2022-12-19T12:55:02 IST" duration-ms="8929">
    <groups>
    </groups>
    <test started-at="2022-12-19T12:54:53 IST" name="Default test" finished-at="2022-12-19T12:55:02 IST" duration-ms="8929">
      <class name="com.qa.keyword.tests.LoginTest">
        <test-method signature="loginTest()[pri:0, instance:com.qa.keyword.tests.LoginTest@76508ed1]" started-at="2022-12-19T12:54:53 IST" name="loginTest" finished-at="2022-12-19T12:55:02 IST" duration-ms="8888" status="PASS">
          <reporter-output>
          </reporter-output>
        </test-method> <!-- loginTest -->
      </class> <!-- com.qa.keyword.tests.LoginTest -->
    </test> <!-- Default test -->
  </suite> <!-- Default suite -->
</testng-results>
